30 Mar 2020 11:42:41,195 TRACE network.ChatServicesRpcProxy 192 sendRequest - Enter NETWORKING FROM CLIENT PROXY TO SERVER: INITIALIZING sendRequest @2020-03-30
30 Mar 2020 11:42:41,196 TRACE protocols.ChatClientRpcWorker 49 run - PROXY SERVER: run RECEIVED REQUEST @2020-03-30
30 Mar 2020 11:42:41,196 TRACE network.ChatServicesRpcProxy 196 sendRequest - Exit: NETWORKING FROM CLIENT PROXY TO SERVER: SUCESSFUL sendRequest @2020-03-30
30 Mar 2020 11:42:41,196 TRACE protocols.ChatClientRpcWorker 131 handleRequest - PROXY SERVER: handleRequest RECEIVED REQUEST type==RequestType.GET_MATCHES @2020-03-30
30 Mar 2020 11:42:41,197 TRACE network.ChatServicesRpcProxy 89 findAllMeci - PROXY CLIENT: findAllMeci SENT REQUEST @2020-03-30
30 Mar 2020 11:42:41,197 TRACE server.ChatServicesImpl 101 findAllMeci - FULL SERVER: findAllMeci RECEIVED COMMAND @2020-03-30
30 Mar 2020 11:42:41,197 TRACE network.ChatServicesRpcProxy 206 readResponse - Enter NETWORKING FROM CLIENT PROXY TO SERVER: INITIALIZING readResponse @2020-03-30
30 Mar 2020 11:42:41,197 TRACE repos.MeciDataBaseRepository 68 findAll - Enter entry findAll
30 Mar 2020 11:42:41,197 TRACE repos.MeciDataBaseRepository 71 findAll - Enter entry query
30 Mar 2020 11:42:41,199 INFO  repos.MeciDataBaseRepository 97 findAll - successful query
30 Mar 2020 11:42:41,199 TRACE repos.MeciDataBaseRepository 102 findAll - Exit: successful exit
30 Mar 2020 11:42:41,200 TRACE server.ChatServicesImpl 109 findAllMeci - FULL SERVER: findAllMeci SENT RETURN TO SERVER PROXY @2020-03-30
30 Mar 2020 11:42:41,200 TRACE protocols.ChatClientRpcWorker 136 handleRequest - PROXY SERVER: handleRequest SENT COMMAND TO SERVER server.findAllMeci @2020-03-30
30 Mar 2020 11:42:41,203 TRACE protocols.ChatClientRpcWorker 226 sendResponse - Exit: PROXY SERVER: SUCCESSFUL sendResponse @2020-03-30
30 Mar 2020 11:42:41,203 TRACE protocols.ChatClientRpcWorker 53 run - PROXY SERVER: run SENT RESPONSE @2020-03-30
30 Mar 2020 11:42:41,203 TRACE network.ChatServicesRpcProxy$ReaderThread 268 run - Enter PROXY CLIENT: READING DATA FROM THE SERVER @2020-03-30
30 Mar 2020 11:42:41,204 TRACE network.ChatServicesRpcProxy$ReaderThread 275 run - Enter PROXY CLIENT: TRACE qresponses.put((Response)response) @2020-03-30
30 Mar 2020 11:42:41,204 TRACE network.ChatServicesRpcProxy 209 readResponse - Exit: NETWORKING FROM CLIENT PROXY TO SERVER: SUCESSFUL readResponse @2020-03-30
30 Mar 2020 11:42:41,205 TRACE network.ChatServicesRpcProxy 91 findAllMeci - PROXY CLIENT: findAllMeci RECEIVED RESPONSE @2020-03-30
30 Mar 2020 11:42:41,205 TRACE network.ChatServicesRpcProxy 99 findAllMeci - Exit with(PROXY CLIENT: SUCCESSFUL findAllMeci @2020-03-30)
30 Mar 2020 11:42:41,205 TRACE network.ChatServicesRpcProxy 192 sendRequest - Enter NETWORKING FROM CLIENT PROXY TO SERVER: INITIALIZING sendRequest @2020-03-30
30 Mar 2020 11:42:41,206 TRACE network.ChatServicesRpcProxy 196 sendRequest - Exit: NETWORKING FROM CLIENT PROXY TO SERVER: SUCESSFUL sendRequest @2020-03-30
30 Mar 2020 11:42:41,206 TRACE network.ChatServicesRpcProxy 160 findOneEchipa - PROXY CLIENT: findOneEchipa SENT REQUEST @2020-03-30
30 Mar 2020 11:42:41,206 TRACE network.ChatServicesRpcProxy 206 readResponse - Enter NETWORKING FROM CLIENT PROXY TO SERVER: INITIALIZING readResponse @2020-03-30
30 Mar 2020 11:42:41,453 TRACE protocols.ChatClientRpcWorker 49 run - PROXY SERVER: run RECEIVED REQUEST @2020-03-30
30 Mar 2020 11:42:41,454 TRACE protocols.ChatClientRpcWorker 163 handleRequest - PROXY SERVER: handleRequest RECEIVED REQUEST type==RequestType.GET_ECHIPA @2020-03-30
30 Mar 2020 11:42:41,454 TRACE server.ChatServicesImpl 152 findOneEchipa - FULL SERVER: findOneEchipa RECEIVED COMMAND @2020-03-30
30 Mar 2020 11:42:41,454 TRACE server.ChatServicesImpl 153 findOneEchipa - FULL SERVER: findOneEchipa SENT RETURN TO SERVER PROXY @2020-03-30
30 Mar 2020 11:42:41,455 TRACE repos.EchipaDataBaseRepository 27 findOne - Enter entry find
30 Mar 2020 11:42:41,455 TRACE repos.EchipaDataBaseRepository 33 findOne - Enter entry query
30 Mar 2020 11:42:41,457 INFO  repos.EchipaDataBaseRepository 38 findOne - successful query
30 Mar 2020 11:42:41,457 TRACE repos.EchipaDataBaseRepository 40 findOne - Exit: successful exit
30 Mar 2020 11:42:41,457 TRACE protocols.ChatClientRpcWorker 169 handleRequest - PROXY SERVER: handleRequest SENT COMMAND TO SERVER server.findOneEchipa @2020-03-30
30 Mar 2020 11:42:41,458 TRACE protocols.ChatClientRpcWorker 226 sendResponse - Exit: PROXY SERVER: SUCCESSFUL sendResponse @2020-03-30
30 Mar 2020 11:42:41,458 TRACE protocols.ChatClientRpcWorker 53 run - PROXY SERVER: run SENT RESPONSE @2020-03-30
30 Mar 2020 11:42:41,459 TRACE network.ChatServicesRpcProxy$ReaderThread 268 run - Enter PROXY CLIENT: READING DATA FROM THE SERVER @2020-03-30
30 Mar 2020 11:42:41,459 TRACE network.ChatServicesRpcProxy$ReaderThread 275 run - Enter PROXY CLIENT: TRACE qresponses.put((Response)response) @2020-03-30
30 Mar 2020 11:42:41,460 TRACE network.ChatServicesRpcProxy 209 readResponse - Exit: NETWORKING FROM CLIENT PROXY TO SERVER: SUCESSFUL readResponse @2020-03-30
30 Mar 2020 11:42:41,461 TRACE network.ChatServicesRpcProxy 170 findOneEchipa - Exit with(PROXY CLIENT: SUCCESSFUL findOneEchipa @2020-03-30)
30 Mar 2020 11:42:41,461 TRACE network.ChatServicesRpcProxy 192 sendRequest - Enter NETWORKING FROM CLIENT PROXY TO SERVER: INITIALIZING sendRequest @2020-03-30
30 Mar 2020 11:42:41,462 TRACE network.ChatServicesRpcProxy 196 sendRequest - Exit: NETWORKING FROM CLIENT PROXY TO SERVER: SUCESSFUL sendRequest @2020-03-30
30 Mar 2020 11:42:41,463 TRACE network.ChatServicesRpcProxy 160 findOneEchipa - PROXY CLIENT: findOneEchipa SENT REQUEST @2020-03-30
30 Mar 2020 11:42:41,463 TRACE network.ChatServicesRpcProxy 206 readResponse - Enter NETWORKING FROM CLIENT PROXY TO SERVER: INITIALIZING readResponse @2020-03-30
30 Mar 2020 11:42:41,708 TRACE protocols.ChatClientRpcWorker 49 run - PROXY SERVER: run RECEIVED REQUEST @2020-03-30
30 Mar 2020 11:42:41,708 TRACE protocols.ChatClientRpcWorker 163 handleRequest - PROXY SERVER: handleRequest RECEIVED REQUEST type==RequestType.GET_ECHIPA @2020-03-30
30 Mar 2020 11:42:41,708 TRACE server.ChatServicesImpl 152 findOneEchipa - FULL SERVER: findOneEchipa RECEIVED COMMAND @2020-03-30
30 Mar 2020 11:42:41,709 TRACE server.ChatServicesImpl 153 findOneEchipa - FULL SERVER: findOneEchipa SENT RETURN TO SERVER PROXY @2020-03-30
30 Mar 2020 11:42:41,709 TRACE repos.EchipaDataBaseRepository 27 findOne - Enter entry find
30 Mar 2020 11:42:41,709 TRACE repos.EchipaDataBaseRepository 33 findOne - Enter entry query
30 Mar 2020 11:42:41,710 INFO  repos.EchipaDataBaseRepository 38 findOne - successful query
30 Mar 2020 11:42:41,710 TRACE repos.EchipaDataBaseRepository 40 findOne - Exit: successful exit
30 Mar 2020 11:42:41,710 TRACE protocols.ChatClientRpcWorker 169 handleRequest - PROXY SERVER: handleRequest SENT COMMAND TO SERVER server.findOneEchipa @2020-03-30
30 Mar 2020 11:42:41,711 TRACE protocols.ChatClientRpcWorker 226 sendResponse - Exit: PROXY SERVER: SUCCESSFUL sendResponse @2020-03-30
30 Mar 2020 11:42:41,711 TRACE protocols.ChatClientRpcWorker 53 run - PROXY SERVER: run SENT RESPONSE @2020-03-30
30 Mar 2020 11:42:41,711 TRACE network.ChatServicesRpcProxy$ReaderThread 268 run - Enter PROXY CLIENT: READING DATA FROM THE SERVER @2020-03-30
30 Mar 2020 11:42:41,711 TRACE network.ChatServicesRpcProxy$ReaderThread 275 run - Enter PROXY CLIENT: TRACE qresponses.put((Response)response) @2020-03-30
30 Mar 2020 11:42:41,711 TRACE network.ChatServicesRpcProxy 209 readResponse - Exit: NETWORKING FROM CLIENT PROXY TO SERVER: SUCESSFUL readResponse @2020-03-30
30 Mar 2020 11:42:41,712 TRACE network.ChatServicesRpcProxy 170 findOneEchipa - Exit with(PROXY CLIENT: SUCCESSFUL findOneEchipa @2020-03-30)
30 Mar 2020 11:42:41,712 TRACE network.ChatServicesRpcProxy 192 sendRequest - Enter NETWORKING FROM CLIENT PROXY TO SERVER: INITIALIZING sendRequest @2020-03-30
30 Mar 2020 11:42:41,712 TRACE network.ChatServicesRpcProxy 196 sendRequest - Exit: NETWORKING FROM CLIENT PROXY TO SERVER: SUCESSFUL sendRequest @2020-03-30
30 Mar 2020 11:42:41,713 TRACE network.ChatServicesRpcProxy 160 findOneEchipa - PROXY CLIENT: findOneEchipa SENT REQUEST @2020-03-30
30 Mar 2020 11:42:41,713 TRACE network.ChatServicesRpcProxy 206 readResponse - Enter NETWORKING FROM CLIENT PROXY TO SERVER: INITIALIZING readResponse @2020-03-30
30 Mar 2020 11:42:41,962 TRACE protocols.ChatClientRpcWorker 49 run - PROXY SERVER: run RECEIVED REQUEST @2020-03-30
30 Mar 2020 11:42:41,963 TRACE protocols.ChatClientRpcWorker 163 handleRequest - PROXY SERVER: handleRequest RECEIVED REQUEST type==RequestType.GET_ECHIPA @2020-03-30
30 Mar 2020 11:42:41,963 TRACE server.ChatServicesImpl 152 findOneEchipa - FULL SERVER: findOneEchipa RECEIVED COMMAND @2020-03-30
30 Mar 2020 11:42:41,963 TRACE server.ChatServicesImpl 153 findOneEchipa - FULL SERVER: findOneEchipa SENT RETURN TO SERVER PROXY @2020-03-30
30 Mar 2020 11:42:41,963 TRACE repos.EchipaDataBaseRepository 27 findOne - Enter entry find
30 Mar 2020 11:42:41,963 TRACE repos.EchipaDataBaseRepository 33 findOne - Enter entry query
30 Mar 2020 11:42:41,965 INFO  repos.EchipaDataBaseRepository 38 findOne - successful query
30 Mar 2020 11:42:41,965 TRACE repos.EchipaDataBaseRepository 40 findOne - Exit: successful exit
30 Mar 2020 11:42:41,965 TRACE protocols.ChatClientRpcWorker 169 handleRequest - PROXY SERVER: handleRequest SENT COMMAND TO SERVER server.findOneEchipa @2020-03-30
30 Mar 2020 11:42:41,966 TRACE protocols.ChatClientRpcWorker 226 sendResponse - Exit: PROXY SERVER: SUCCESSFUL sendResponse @2020-03-30
30 Mar 2020 11:42:41,966 TRACE protocols.ChatClientRpcWorker 53 run - PROXY SERVER: run SENT RESPONSE @2020-03-30
30 Mar 2020 11:42:41,966 TRACE network.ChatServicesRpcProxy$ReaderThread 268 run - Enter PROXY CLIENT: READING DATA FROM THE SERVER @2020-03-30
30 Mar 2020 11:42:41,967 TRACE network.ChatServicesRpcProxy$ReaderThread 275 run - Enter PROXY CLIENT: TRACE qresponses.put((Response)response) @2020-03-30
30 Mar 2020 11:42:41,968 TRACE network.ChatServicesRpcProxy 209 readResponse - Exit: NETWORKING FROM CLIENT PROXY TO SERVER: SUCESSFUL readResponse @2020-03-30
30 Mar 2020 11:42:41,969 TRACE network.ChatServicesRpcProxy 170 findOneEchipa - Exit with(PROXY CLIENT: SUCCESSFUL findOneEchipa @2020-03-30)
30 Mar 2020 11:42:41,969 TRACE network.ChatServicesRpcProxy 192 sendRequest - Enter NETWORKING FROM CLIENT PROXY TO SERVER: INITIALIZING sendRequest @2020-03-30
30 Mar 2020 11:42:41,969 TRACE network.ChatServicesRpcProxy 196 sendRequest - Exit: NETWORKING FROM CLIENT PROXY TO SERVER: SUCESSFUL sendRequest @2020-03-30
30 Mar 2020 11:42:41,970 TRACE network.ChatServicesRpcProxy 160 findOneEchipa - PROXY CLIENT: findOneEchipa SENT REQUEST @2020-03-30
30 Mar 2020 11:42:41,970 TRACE network.ChatServicesRpcProxy 206 readResponse - Enter NETWORKING FROM CLIENT PROXY TO SERVER: INITIALIZING readResponse @2020-03-30
30 Mar 2020 11:42:42,217 TRACE protocols.ChatClientRpcWorker 49 run - PROXY SERVER: run RECEIVED REQUEST @2020-03-30
30 Mar 2020 11:42:42,217 TRACE protocols.ChatClientRpcWorker 163 handleRequest - PROXY SERVER: handleRequest RECEIVED REQUEST type==RequestType.GET_ECHIPA @2020-03-30
30 Mar 2020 11:42:42,218 TRACE server.ChatServicesImpl 152 findOneEchipa - FULL SERVER: findOneEchipa RECEIVED COMMAND @2020-03-30
30 Mar 2020 11:42:42,218 TRACE server.ChatServicesImpl 153 findOneEchipa - FULL SERVER: findOneEchipa SENT RETURN TO SERVER PROXY @2020-03-30
30 Mar 2020 11:42:42,218 TRACE repos.EchipaDataBaseRepository 27 findOne - Enter entry find
30 Mar 2020 11:42:42,218 TRACE repos.EchipaDataBaseRepository 33 findOne - Enter entry query
30 Mar 2020 11:42:42,220 INFO  repos.EchipaDataBaseRepository 38 findOne - successful query
30 Mar 2020 11:42:42,220 TRACE repos.EchipaDataBaseRepository 40 findOne - Exit: successful exit
30 Mar 2020 11:42:42,220 TRACE protocols.ChatClientRpcWorker 169 handleRequest - PROXY SERVER: handleRequest SENT COMMAND TO SERVER server.findOneEchipa @2020-03-30
30 Mar 2020 11:42:42,221 TRACE protocols.ChatClientRpcWorker 226 sendResponse - Exit: PROXY SERVER: SUCCESSFUL sendResponse @2020-03-30
30 Mar 2020 11:42:42,221 TRACE protocols.ChatClientRpcWorker 53 run - PROXY SERVER: run SENT RESPONSE @2020-03-30
30 Mar 2020 11:42:42,221 TRACE network.ChatServicesRpcProxy$ReaderThread 268 run - Enter PROXY CLIENT: READING DATA FROM THE SERVER @2020-03-30
30 Mar 2020 11:42:42,222 TRACE network.ChatServicesRpcProxy$ReaderThread 275 run - Enter PROXY CLIENT: TRACE qresponses.put((Response)response) @2020-03-30
30 Mar 2020 11:42:42,223 TRACE network.ChatServicesRpcProxy 209 readResponse - Exit: NETWORKING FROM CLIENT PROXY TO SERVER: SUCESSFUL readResponse @2020-03-30
30 Mar 2020 11:42:42,223 TRACE network.ChatServicesRpcProxy 170 findOneEchipa - Exit with(PROXY CLIENT: SUCCESSFUL findOneEchipa @2020-03-30)
30 Mar 2020 11:42:42,224 TRACE network.ChatServicesRpcProxy 192 sendRequest - Enter NETWORKING FROM CLIENT PROXY TO SERVER: INITIALIZING sendRequest @2020-03-30
30 Mar 2020 11:42:42,225 TRACE network.ChatServicesRpcProxy 196 sendRequest - Exit: NETWORKING FROM CLIENT PROXY TO SERVER: SUCESSFUL sendRequest @2020-03-30
30 Mar 2020 11:42:42,225 TRACE network.ChatServicesRpcProxy 160 findOneEchipa - PROXY CLIENT: findOneEchipa SENT REQUEST @2020-03-30
30 Mar 2020 11:42:42,226 TRACE network.ChatServicesRpcProxy 206 readResponse - Enter NETWORKING FROM CLIENT PROXY TO SERVER: INITIALIZING readResponse @2020-03-30
30 Mar 2020 11:42:42,471 TRACE protocols.ChatClientRpcWorker 49 run - PROXY SERVER: run RECEIVED REQUEST @2020-03-30
30 Mar 2020 11:42:42,471 TRACE protocols.ChatClientRpcWorker 163 handleRequest - PROXY SERVER: handleRequest RECEIVED REQUEST type==RequestType.GET_ECHIPA @2020-03-30
30 Mar 2020 11:42:42,471 TRACE server.ChatServicesImpl 152 findOneEchipa - FULL SERVER: findOneEchipa RECEIVED COMMAND @2020-03-30
30 Mar 2020 11:42:42,471 TRACE server.ChatServicesImpl 153 findOneEchipa - FULL SERVER: findOneEchipa SENT RETURN TO SERVER PROXY @2020-03-30
30 Mar 2020 11:42:42,472 TRACE repos.EchipaDataBaseRepository 27 findOne - Enter entry find
30 Mar 2020 11:42:42,472 TRACE repos.EchipaDataBaseRepository 33 findOne - Enter entry query
30 Mar 2020 11:42:42,472 INFO  repos.EchipaDataBaseRepository 38 findOne - successful query
30 Mar 2020 11:42:42,473 TRACE repos.EchipaDataBaseRepository 40 findOne - Exit: successful exit
30 Mar 2020 11:42:42,473 TRACE protocols.ChatClientRpcWorker 169 handleRequest - PROXY SERVER: handleRequest SENT COMMAND TO SERVER server.findOneEchipa @2020-03-30
30 Mar 2020 11:42:42,473 TRACE protocols.ChatClientRpcWorker 226 sendResponse - Exit: PROXY SERVER: SUCCESSFUL sendResponse @2020-03-30
30 Mar 2020 11:42:42,473 TRACE protocols.ChatClientRpcWorker 53 run - PROXY SERVER: run SENT RESPONSE @2020-03-30
30 Mar 2020 11:42:42,473 TRACE network.ChatServicesRpcProxy$ReaderThread 268 run - Enter PROXY CLIENT: READING DATA FROM THE SERVER @2020-03-30
30 Mar 2020 11:42:42,474 TRACE network.ChatServicesRpcProxy$ReaderThread 275 run - Enter PROXY CLIENT: TRACE qresponses.put((Response)response) @2020-03-30
30 Mar 2020 11:42:42,474 TRACE network.ChatServicesRpcProxy 209 readResponse - Exit: NETWORKING FROM CLIENT PROXY TO SERVER: SUCESSFUL readResponse @2020-03-30
30 Mar 2020 11:42:42,474 TRACE network.ChatServicesRpcProxy 170 findOneEchipa - Exit with(PROXY CLIENT: SUCCESSFUL findOneEchipa @2020-03-30)
30 Mar 2020 11:42:42,475 TRACE network.ChatServicesRpcProxy 192 sendRequest - Enter NETWORKING FROM CLIENT PROXY TO SERVER: INITIALIZING sendRequest @2020-03-30
30 Mar 2020 11:42:42,475 TRACE network.ChatServicesRpcProxy 196 sendRequest - Exit: NETWORKING FROM CLIENT PROXY TO SERVER: SUCESSFUL sendRequest @2020-03-30
30 Mar 2020 11:42:42,475 TRACE network.ChatServicesRpcProxy 160 findOneEchipa - PROXY CLIENT: findOneEchipa SENT REQUEST @2020-03-30
30 Mar 2020 11:42:42,475 TRACE network.ChatServicesRpcProxy 206 readResponse - Enter NETWORKING FROM CLIENT PROXY TO SERVER: INITIALIZING readResponse @2020-03-30
30 Mar 2020 11:42:42,724 TRACE protocols.ChatClientRpcWorker 49 run - PROXY SERVER: run RECEIVED REQUEST @2020-03-30
30 Mar 2020 11:42:42,724 TRACE protocols.ChatClientRpcWorker 163 handleRequest - PROXY SERVER: handleRequest RECEIVED REQUEST type==RequestType.GET_ECHIPA @2020-03-30
30 Mar 2020 11:42:42,724 TRACE server.ChatServicesImpl 152 findOneEchipa - FULL SERVER: findOneEchipa RECEIVED COMMAND @2020-03-30
30 Mar 2020 11:42:42,724 TRACE server.ChatServicesImpl 153 findOneEchipa - FULL SERVER: findOneEchipa SENT RETURN TO SERVER PROXY @2020-03-30
30 Mar 2020 11:42:42,724 TRACE repos.EchipaDataBaseRepository 27 findOne - Enter entry find
30 Mar 2020 11:42:42,724 TRACE repos.EchipaDataBaseRepository 33 findOne - Enter entry query
30 Mar 2020 11:42:42,725 INFO  repos.EchipaDataBaseRepository 38 findOne - successful query
30 Mar 2020 11:42:42,725 TRACE repos.EchipaDataBaseRepository 40 findOne - Exit: successful exit
30 Mar 2020 11:42:42,725 TRACE protocols.ChatClientRpcWorker 169 handleRequest - PROXY SERVER: handleRequest SENT COMMAND TO SERVER server.findOneEchipa @2020-03-30
30 Mar 2020 11:42:42,725 TRACE protocols.ChatClientRpcWorker 226 sendResponse - Exit: PROXY SERVER: SUCCESSFUL sendResponse @2020-03-30
30 Mar 2020 11:42:42,725 TRACE protocols.ChatClientRpcWorker 53 run - PROXY SERVER: run SENT RESPONSE @2020-03-30
30 Mar 2020 11:42:42,725 TRACE network.ChatServicesRpcProxy$ReaderThread 268 run - Enter PROXY CLIENT: READING DATA FROM THE SERVER @2020-03-30
30 Mar 2020 11:42:42,725 TRACE network.ChatServicesRpcProxy$ReaderThread 275 run - Enter PROXY CLIENT: TRACE qresponses.put((Response)response) @2020-03-30
30 Mar 2020 11:42:42,727 TRACE network.ChatServicesRpcProxy 209 readResponse - Exit: NETWORKING FROM CLIENT PROXY TO SERVER: SUCESSFUL readResponse @2020-03-30
30 Mar 2020 11:42:42,727 TRACE network.ChatServicesRpcProxy 170 findOneEchipa - Exit with(PROXY CLIENT: SUCCESSFUL findOneEchipa @2020-03-30)
30 Mar 2020 11:42:42,727 TRACE network.ChatServicesRpcProxy 192 sendRequest - Enter NETWORKING FROM CLIENT PROXY TO SERVER: INITIALIZING sendRequest @2020-03-30
30 Mar 2020 11:42:42,727 TRACE network.ChatServicesRpcProxy 196 sendRequest - Exit: NETWORKING FROM CLIENT PROXY TO SERVER: SUCESSFUL sendRequest @2020-03-30
30 Mar 2020 11:42:42,728 TRACE network.ChatServicesRpcProxy 160 findOneEchipa - PROXY CLIENT: findOneEchipa SENT REQUEST @2020-03-30
30 Mar 2020 11:42:42,728 TRACE network.ChatServicesRpcProxy 206 readResponse - Enter NETWORKING FROM CLIENT PROXY TO SERVER: INITIALIZING readResponse @2020-03-30
30 Mar 2020 11:42:42,976 TRACE protocols.ChatClientRpcWorker 49 run - PROXY SERVER: run RECEIVED REQUEST @2020-03-30
30 Mar 2020 11:42:42,976 TRACE protocols.ChatClientRpcWorker 163 handleRequest - PROXY SERVER: handleRequest RECEIVED REQUEST type==RequestType.GET_ECHIPA @2020-03-30
30 Mar 2020 11:42:42,976 TRACE server.ChatServicesImpl 152 findOneEchipa - FULL SERVER: findOneEchipa RECEIVED COMMAND @2020-03-30
30 Mar 2020 11:42:42,976 TRACE server.ChatServicesImpl 153 findOneEchipa - FULL SERVER: findOneEchipa SENT RETURN TO SERVER PROXY @2020-03-30
30 Mar 2020 11:42:42,977 TRACE repos.EchipaDataBaseRepository 27 findOne - Enter entry find
30 Mar 2020 11:42:42,977 TRACE repos.EchipaDataBaseRepository 33 findOne - Enter entry query
30 Mar 2020 11:42:42,978 INFO  repos.EchipaDataBaseRepository 38 findOne - successful query
30 Mar 2020 11:42:42,978 TRACE repos.EchipaDataBaseRepository 40 findOne - Exit: successful exit
30 Mar 2020 11:42:42,978 TRACE protocols.ChatClientRpcWorker 169 handleRequest - PROXY SERVER: handleRequest SENT COMMAND TO SERVER server.findOneEchipa @2020-03-30
30 Mar 2020 11:42:42,978 TRACE protocols.ChatClientRpcWorker 226 sendResponse - Exit: PROXY SERVER: SUCCESSFUL sendResponse @2020-03-30
30 Mar 2020 11:42:42,978 TRACE protocols.ChatClientRpcWorker 53 run - PROXY SERVER: run SENT RESPONSE @2020-03-30
30 Mar 2020 11:42:42,978 TRACE network.ChatServicesRpcProxy$ReaderThread 268 run - Enter PROXY CLIENT: READING DATA FROM THE SERVER @2020-03-30
30 Mar 2020 11:42:42,978 TRACE network.ChatServicesRpcProxy$ReaderThread 275 run - Enter PROXY CLIENT: TRACE qresponses.put((Response)response) @2020-03-30
30 Mar 2020 11:42:42,979 TRACE network.ChatServicesRpcProxy 209 readResponse - Exit: NETWORKING FROM CLIENT PROXY TO SERVER: SUCESSFUL readResponse @2020-03-30
30 Mar 2020 11:42:42,979 TRACE network.ChatServicesRpcProxy 170 findOneEchipa - Exit with(PROXY CLIENT: SUCCESSFUL findOneEchipa @2020-03-30)
30 Mar 2020 11:42:42,979 TRACE network.ChatServicesRpcProxy 192 sendRequest - Enter NETWORKING FROM CLIENT PROXY TO SERVER: INITIALIZING sendRequest @2020-03-30
30 Mar 2020 11:42:42,979 TRACE network.ChatServicesRpcProxy 196 sendRequest - Exit: NETWORKING FROM CLIENT PROXY TO SERVER: SUCESSFUL sendRequest @2020-03-30
30 Mar 2020 11:42:42,979 TRACE network.ChatServicesRpcProxy 160 findOneEchipa - PROXY CLIENT: findOneEchipa SENT REQUEST @2020-03-30
30 Mar 2020 11:42:42,980 TRACE network.ChatServicesRpcProxy 206 readResponse - Enter NETWORKING FROM CLIENT PROXY TO SERVER: INITIALIZING readResponse @2020-03-30
30 Mar 2020 11:42:43,228 TRACE protocols.ChatClientRpcWorker 49 run - PROXY SERVER: run RECEIVED REQUEST @2020-03-30
30 Mar 2020 11:42:43,228 TRACE protocols.ChatClientRpcWorker 163 handleRequest - PROXY SERVER: handleRequest RECEIVED REQUEST type==RequestType.GET_ECHIPA @2020-03-30
30 Mar 2020 11:42:43,228 TRACE server.ChatServicesImpl 152 findOneEchipa - FULL SERVER: findOneEchipa RECEIVED COMMAND @2020-03-30
30 Mar 2020 11:42:43,228 TRACE server.ChatServicesImpl 153 findOneEchipa - FULL SERVER: findOneEchipa SENT RETURN TO SERVER PROXY @2020-03-30
30 Mar 2020 11:42:43,229 TRACE repos.EchipaDataBaseRepository 27 findOne - Enter entry find
30 Mar 2020 11:42:43,229 TRACE repos.EchipaDataBaseRepository 33 findOne - Enter entry query
30 Mar 2020 11:42:43,229 INFO  repos.EchipaDataBaseRepository 38 findOne - successful query
30 Mar 2020 11:42:43,230 TRACE repos.EchipaDataBaseRepository 40 findOne - Exit: successful exit
30 Mar 2020 11:42:43,230 TRACE protocols.ChatClientRpcWorker 169 handleRequest - PROXY SERVER: handleRequest SENT COMMAND TO SERVER server.findOneEchipa @2020-03-30
30 Mar 2020 11:42:43,230 TRACE protocols.ChatClientRpcWorker 226 sendResponse - Exit: PROXY SERVER: SUCCESSFUL sendResponse @2020-03-30
30 Mar 2020 11:42:43,230 TRACE protocols.ChatClientRpcWorker 53 run - PROXY SERVER: run SENT RESPONSE @2020-03-30
30 Mar 2020 11:42:43,230 TRACE network.ChatServicesRpcProxy$ReaderThread 268 run - Enter PROXY CLIENT: READING DATA FROM THE SERVER @2020-03-30
30 Mar 2020 11:42:43,230 TRACE network.ChatServicesRpcProxy$ReaderThread 275 run - Enter PROXY CLIENT: TRACE qresponses.put((Response)response) @2020-03-30
30 Mar 2020 11:42:43,231 TRACE network.ChatServicesRpcProxy 209 readResponse - Exit: NETWORKING FROM CLIENT PROXY TO SERVER: SUCESSFUL readResponse @2020-03-30
30 Mar 2020 11:42:43,231 TRACE network.ChatServicesRpcProxy 170 findOneEchipa - Exit with(PROXY CLIENT: SUCCESSFUL findOneEchipa @2020-03-30)
30 Mar 2020 11:42:43,231 TRACE network.ChatServicesRpcProxy 192 sendRequest - Enter NETWORKING FROM CLIENT PROXY TO SERVER: INITIALIZING sendRequest @2020-03-30
30 Mar 2020 11:42:43,231 TRACE network.ChatServicesRpcProxy 196 sendRequest - Exit: NETWORKING FROM CLIENT PROXY TO SERVER: SUCESSFUL sendRequest @2020-03-30
30 Mar 2020 11:42:43,231 TRACE network.ChatServicesRpcProxy 160 findOneEchipa - PROXY CLIENT: findOneEchipa SENT REQUEST @2020-03-30
30 Mar 2020 11:42:43,232 TRACE network.ChatServicesRpcProxy 206 readResponse - Enter NETWORKING FROM CLIENT PROXY TO SERVER: INITIALIZING readResponse @2020-03-30
30 Mar 2020 11:42:43,480 TRACE protocols.ChatClientRpcWorker 49 run - PROXY SERVER: run RECEIVED REQUEST @2020-03-30
30 Mar 2020 11:42:43,482 TRACE protocols.ChatClientRpcWorker 163 handleRequest - PROXY SERVER: handleRequest RECEIVED REQUEST type==RequestType.GET_ECHIPA @2020-03-30
30 Mar 2020 11:42:43,482 TRACE server.ChatServicesImpl 152 findOneEchipa - FULL SERVER: findOneEchipa RECEIVED COMMAND @2020-03-30
30 Mar 2020 11:42:43,482 TRACE server.ChatServicesImpl 153 findOneEchipa - FULL SERVER: findOneEchipa SENT RETURN TO SERVER PROXY @2020-03-30
30 Mar 2020 11:42:43,482 TRACE repos.EchipaDataBaseRepository 27 findOne - Enter entry find
30 Mar 2020 11:42:43,482 TRACE repos.EchipaDataBaseRepository 33 findOne - Enter entry query
30 Mar 2020 11:42:43,484 INFO  repos.EchipaDataBaseRepository 38 findOne - successful query
30 Mar 2020 11:42:43,484 TRACE repos.EchipaDataBaseRepository 40 findOne - Exit: successful exit
30 Mar 2020 11:42:43,486 TRACE protocols.ChatClientRpcWorker 169 handleRequest - PROXY SERVER: handleRequest SENT COMMAND TO SERVER server.findOneEchipa @2020-03-30
30 Mar 2020 11:42:43,486 TRACE protocols.ChatClientRpcWorker 226 sendResponse - Exit: PROXY SERVER: SUCCESSFUL sendResponse @2020-03-30
30 Mar 2020 11:42:43,486 TRACE protocols.ChatClientRpcWorker 53 run - PROXY SERVER: run SENT RESPONSE @2020-03-30
30 Mar 2020 11:42:43,486 TRACE network.ChatServicesRpcProxy$ReaderThread 268 run - Enter PROXY CLIENT: READING DATA FROM THE SERVER @2020-03-30
30 Mar 2020 11:42:43,487 TRACE network.ChatServicesRpcProxy$ReaderThread 275 run - Enter PROXY CLIENT: TRACE qresponses.put((Response)response) @2020-03-30
30 Mar 2020 11:42:43,488 TRACE network.ChatServicesRpcProxy 209 readResponse - Exit: NETWORKING FROM CLIENT PROXY TO SERVER: SUCESSFUL readResponse @2020-03-30
30 Mar 2020 11:42:43,490 TRACE network.ChatServicesRpcProxy 170 findOneEchipa - Exit with(PROXY CLIENT: SUCCESSFUL findOneEchipa @2020-03-30)
30 Mar 2020 11:42:43,490 TRACE network.ChatServicesRpcProxy 192 sendRequest - Enter NETWORKING FROM CLIENT PROXY TO SERVER: INITIALIZING sendRequest @2020-03-30
30 Mar 2020 11:42:43,491 TRACE network.ChatServicesRpcProxy 196 sendRequest - Exit: NETWORKING FROM CLIENT PROXY TO SERVER: SUCESSFUL sendRequest @2020-03-30
30 Mar 2020 11:42:43,492 TRACE network.ChatServicesRpcProxy 160 findOneEchipa - PROXY CLIENT: findOneEchipa SENT REQUEST @2020-03-30
30 Mar 2020 11:42:43,492 TRACE network.ChatServicesRpcProxy 206 readResponse - Enter NETWORKING FROM CLIENT PROXY TO SERVER: INITIALIZING readResponse @2020-03-30
30 Mar 2020 11:42:43,737 TRACE protocols.ChatClientRpcWorker 49 run - PROXY SERVER: run RECEIVED REQUEST @2020-03-30
30 Mar 2020 11:42:43,737 TRACE protocols.ChatClientRpcWorker 163 handleRequest - PROXY SERVER: handleRequest RECEIVED REQUEST type==RequestType.GET_ECHIPA @2020-03-30
30 Mar 2020 11:42:43,738 TRACE server.ChatServicesImpl 152 findOneEchipa - FULL SERVER: findOneEchipa RECEIVED COMMAND @2020-03-30
30 Mar 2020 11:42:43,738 TRACE server.ChatServicesImpl 153 findOneEchipa - FULL SERVER: findOneEchipa SENT RETURN TO SERVER PROXY @2020-03-30
30 Mar 2020 11:42:43,738 TRACE repos.EchipaDataBaseRepository 27 findOne - Enter entry find
30 Mar 2020 11:42:43,738 TRACE repos.EchipaDataBaseRepository 33 findOne - Enter entry query
30 Mar 2020 11:42:43,740 INFO  repos.EchipaDataBaseRepository 38 findOne - successful query
30 Mar 2020 11:42:43,740 TRACE repos.EchipaDataBaseRepository 40 findOne - Exit: successful exit
30 Mar 2020 11:42:43,740 TRACE protocols.ChatClientRpcWorker 169 handleRequest - PROXY SERVER: handleRequest SENT COMMAND TO SERVER server.findOneEchipa @2020-03-30
30 Mar 2020 11:42:43,741 TRACE protocols.ChatClientRpcWorker 226 sendResponse - Exit: PROXY SERVER: SUCCESSFUL sendResponse @2020-03-30
30 Mar 2020 11:42:43,741 TRACE protocols.ChatClientRpcWorker 53 run - PROXY SERVER: run SENT RESPONSE @2020-03-30
30 Mar 2020 11:42:43,741 TRACE network.ChatServicesRpcProxy$ReaderThread 268 run - Enter PROXY CLIENT: READING DATA FROM THE SERVER @2020-03-30
30 Mar 2020 11:42:43,742 TRACE network.ChatServicesRpcProxy$ReaderThread 275 run - Enter PROXY CLIENT: TRACE qresponses.put((Response)response) @2020-03-30
30 Mar 2020 11:42:43,743 TRACE network.ChatServicesRpcProxy 209 readResponse - Exit: NETWORKING FROM CLIENT PROXY TO SERVER: SUCESSFUL readResponse @2020-03-30
30 Mar 2020 11:42:43,744 TRACE network.ChatServicesRpcProxy 170 findOneEchipa - Exit with(PROXY CLIENT: SUCCESSFUL findOneEchipa @2020-03-30)
30 Mar 2020 11:42:43,744 TRACE network.ChatServicesRpcProxy 192 sendRequest - Enter NETWORKING FROM CLIENT PROXY TO SERVER: INITIALIZING sendRequest @2020-03-30
30 Mar 2020 11:42:43,745 TRACE network.ChatServicesRpcProxy 196 sendRequest - Exit: NETWORKING FROM CLIENT PROXY TO SERVER: SUCESSFUL sendRequest @2020-03-30
30 Mar 2020 11:42:43,746 TRACE network.ChatServicesRpcProxy 160 findOneEchipa - PROXY CLIENT: findOneEchipa SENT REQUEST @2020-03-30
30 Mar 2020 11:42:43,746 TRACE network.ChatServicesRpcProxy 206 readResponse - Enter NETWORKING FROM CLIENT PROXY TO SERVER: INITIALIZING readResponse @2020-03-30
30 Mar 2020 11:42:43,991 TRACE protocols.ChatClientRpcWorker 49 run - PROXY SERVER: run RECEIVED REQUEST @2020-03-30
30 Mar 2020 11:42:43,991 TRACE protocols.ChatClientRpcWorker 163 handleRequest - PROXY SERVER: handleRequest RECEIVED REQUEST type==RequestType.GET_ECHIPA @2020-03-30
30 Mar 2020 11:42:43,991 TRACE server.ChatServicesImpl 152 findOneEchipa - FULL SERVER: findOneEchipa RECEIVED COMMAND @2020-03-30
30 Mar 2020 11:42:43,992 TRACE server.ChatServicesImpl 153 findOneEchipa - FULL SERVER: findOneEchipa SENT RETURN TO SERVER PROXY @2020-03-30
30 Mar 2020 11:42:43,992 TRACE repos.EchipaDataBaseRepository 27 findOne - Enter entry find
30 Mar 2020 11:42:43,992 TRACE repos.EchipaDataBaseRepository 33 findOne - Enter entry query
30 Mar 2020 11:42:43,993 INFO  repos.EchipaDataBaseRepository 38 findOne - successful query
30 Mar 2020 11:42:43,993 TRACE repos.EchipaDataBaseRepository 40 findOne - Exit: successful exit
30 Mar 2020 11:42:43,993 TRACE protocols.ChatClientRpcWorker 169 handleRequest - PROXY SERVER: handleRequest SENT COMMAND TO SERVER server.findOneEchipa @2020-03-30
30 Mar 2020 11:42:43,994 TRACE protocols.ChatClientRpcWorker 226 sendResponse - Exit: PROXY SERVER: SUCCESSFUL sendResponse @2020-03-30
30 Mar 2020 11:42:43,994 TRACE protocols.ChatClientRpcWorker 53 run - PROXY SERVER: run SENT RESPONSE @2020-03-30
30 Mar 2020 11:42:43,994 TRACE network.ChatServicesRpcProxy$ReaderThread 268 run - Enter PROXY CLIENT: READING DATA FROM THE SERVER @2020-03-30
30 Mar 2020 11:42:43,994 TRACE network.ChatServicesRpcProxy$ReaderThread 275 run - Enter PROXY CLIENT: TRACE qresponses.put((Response)response) @2020-03-30
30 Mar 2020 11:42:43,994 TRACE network.ChatServicesRpcProxy 209 readResponse - Exit: NETWORKING FROM CLIENT PROXY TO SERVER: SUCESSFUL readResponse @2020-03-30
30 Mar 2020 11:42:43,994 TRACE network.ChatServicesRpcProxy 170 findOneEchipa - Exit with(PROXY CLIENT: SUCCESSFUL findOneEchipa @2020-03-30)
30 Mar 2020 11:42:43,995 TRACE network.ChatServicesRpcProxy 192 sendRequest - Enter NETWORKING FROM CLIENT PROXY TO SERVER: INITIALIZING sendRequest @2020-03-30
30 Mar 2020 11:42:43,995 TRACE network.ChatServicesRpcProxy 196 sendRequest - Exit: NETWORKING FROM CLIENT PROXY TO SERVER: SUCESSFUL sendRequest @2020-03-30
30 Mar 2020 11:42:43,995 TRACE network.ChatServicesRpcProxy 160 findOneEchipa - PROXY CLIENT: findOneEchipa SENT REQUEST @2020-03-30
30 Mar 2020 11:42:43,995 TRACE network.ChatServicesRpcProxy 206 readResponse - Enter NETWORKING FROM CLIENT PROXY TO SERVER: INITIALIZING readResponse @2020-03-30
30 Mar 2020 11:42:44,245 TRACE protocols.ChatClientRpcWorker 49 run - PROXY SERVER: run RECEIVED REQUEST @2020-03-30
30 Mar 2020 11:42:44,245 TRACE protocols.ChatClientRpcWorker 163 handleRequest - PROXY SERVER: handleRequest RECEIVED REQUEST type==RequestType.GET_ECHIPA @2020-03-30
30 Mar 2020 11:42:44,246 TRACE server.ChatServicesImpl 152 findOneEchipa - FULL SERVER: findOneEchipa RECEIVED COMMAND @2020-03-30
30 Mar 2020 11:42:44,246 TRACE server.ChatServicesImpl 153 findOneEchipa - FULL SERVER: findOneEchipa SENT RETURN TO SERVER PROXY @2020-03-30
30 Mar 2020 11:42:44,246 TRACE repos.EchipaDataBaseRepository 27 findOne - Enter entry find
30 Mar 2020 11:42:44,246 TRACE repos.EchipaDataBaseRepository 33 findOne - Enter entry query
30 Mar 2020 11:42:44,248 INFO  repos.EchipaDataBaseRepository 38 findOne - successful query
30 Mar 2020 11:42:44,248 TRACE repos.EchipaDataBaseRepository 40 findOne - Exit: successful exit
30 Mar 2020 11:42:44,248 TRACE protocols.ChatClientRpcWorker 169 handleRequest - PROXY SERVER: handleRequest SENT COMMAND TO SERVER server.findOneEchipa @2020-03-30
30 Mar 2020 11:42:44,248 TRACE protocols.ChatClientRpcWorker 226 sendResponse - Exit: PROXY SERVER: SUCCESSFUL sendResponse @2020-03-30
30 Mar 2020 11:42:44,248 TRACE protocols.ChatClientRpcWorker 53 run - PROXY SERVER: run SENT RESPONSE @2020-03-30
30 Mar 2020 11:42:44,248 TRACE network.ChatServicesRpcProxy$ReaderThread 268 run - Enter PROXY CLIENT: READING DATA FROM THE SERVER @2020-03-30
30 Mar 2020 11:42:44,249 TRACE network.ChatServicesRpcProxy$ReaderThread 275 run - Enter PROXY CLIENT: TRACE qresponses.put((Response)response) @2020-03-30
30 Mar 2020 11:42:44,249 TRACE network.ChatServicesRpcProxy 209 readResponse - Exit: NETWORKING FROM CLIENT PROXY TO SERVER: SUCESSFUL readResponse @2020-03-30
30 Mar 2020 11:42:44,251 TRACE network.ChatServicesRpcProxy 170 findOneEchipa - Exit with(PROXY CLIENT: SUCCESSFUL findOneEchipa @2020-03-30)
30 Mar 2020 11:42:44,251 TRACE network.ChatServicesRpcProxy 192 sendRequest - Enter NETWORKING FROM CLIENT PROXY TO SERVER: INITIALIZING sendRequest @2020-03-30
30 Mar 2020 11:42:44,253 TRACE network.ChatServicesRpcProxy 196 sendRequest - Exit: NETWORKING FROM CLIENT PROXY TO SERVER: SUCESSFUL sendRequest @2020-03-30
30 Mar 2020 11:42:44,253 TRACE network.ChatServicesRpcProxy 160 findOneEchipa - PROXY CLIENT: findOneEchipa SENT REQUEST @2020-03-30
30 Mar 2020 11:42:44,254 TRACE network.ChatServicesRpcProxy 206 readResponse - Enter NETWORKING FROM CLIENT PROXY TO SERVER: INITIALIZING readResponse @2020-03-30
30 Mar 2020 11:42:44,499 TRACE protocols.ChatClientRpcWorker 49 run - PROXY SERVER: run RECEIVED REQUEST @2020-03-30
30 Mar 2020 11:42:44,499 TRACE protocols.ChatClientRpcWorker 163 handleRequest - PROXY SERVER: handleRequest RECEIVED REQUEST type==RequestType.GET_ECHIPA @2020-03-30
30 Mar 2020 11:42:44,499 TRACE server.ChatServicesImpl 152 findOneEchipa - FULL SERVER: findOneEchipa RECEIVED COMMAND @2020-03-30
30 Mar 2020 11:42:44,500 TRACE server.ChatServicesImpl 153 findOneEchipa - FULL SERVER: findOneEchipa SENT RETURN TO SERVER PROXY @2020-03-30
30 Mar 2020 11:42:44,500 TRACE repos.EchipaDataBaseRepository 27 findOne - Enter entry find
30 Mar 2020 11:42:44,500 TRACE repos.EchipaDataBaseRepository 33 findOne - Enter entry query
30 Mar 2020 11:42:44,501 INFO  repos.EchipaDataBaseRepository 38 findOne - successful query
30 Mar 2020 11:42:44,502 TRACE repos.EchipaDataBaseRepository 40 findOne - Exit: successful exit
30 Mar 2020 11:42:44,502 TRACE protocols.ChatClientRpcWorker 169 handleRequest - PROXY SERVER: handleRequest SENT COMMAND TO SERVER server.findOneEchipa @2020-03-30
30 Mar 2020 11:42:44,502 TRACE protocols.ChatClientRpcWorker 226 sendResponse - Exit: PROXY SERVER: SUCCESSFUL sendResponse @2020-03-30
30 Mar 2020 11:42:44,502 TRACE protocols.ChatClientRpcWorker 53 run - PROXY SERVER: run SENT RESPONSE @2020-03-30
30 Mar 2020 11:42:44,502 TRACE network.ChatServicesRpcProxy$ReaderThread 268 run - Enter PROXY CLIENT: READING DATA FROM THE SERVER @2020-03-30
30 Mar 2020 11:42:44,502 TRACE network.ChatServicesRpcProxy$ReaderThread 275 run - Enter PROXY CLIENT: TRACE qresponses.put((Response)response) @2020-03-30
30 Mar 2020 11:42:44,503 TRACE network.ChatServicesRpcProxy 209 readResponse - Exit: NETWORKING FROM CLIENT PROXY TO SERVER: SUCESSFUL readResponse @2020-03-30
30 Mar 2020 11:42:44,503 TRACE network.ChatServicesRpcProxy 170 findOneEchipa - Exit with(PROXY CLIENT: SUCCESSFUL findOneEchipa @2020-03-30)
30 Mar 2020 11:42:44,503 TRACE network.ChatServicesRpcProxy 192 sendRequest - Enter NETWORKING FROM CLIENT PROXY TO SERVER: INITIALIZING sendRequest @2020-03-30
30 Mar 2020 11:42:44,504 TRACE network.ChatServicesRpcProxy 196 sendRequest - Exit: NETWORKING FROM CLIENT PROXY TO SERVER: SUCESSFUL sendRequest @2020-03-30
30 Mar 2020 11:42:44,504 TRACE network.ChatServicesRpcProxy 160 findOneEchipa - PROXY CLIENT: findOneEchipa SENT REQUEST @2020-03-30
30 Mar 2020 11:42:44,504 TRACE network.ChatServicesRpcProxy 206 readResponse - Enter NETWORKING FROM CLIENT PROXY TO SERVER: INITIALIZING readResponse @2020-03-30
30 Mar 2020 11:42:44,752 TRACE protocols.ChatClientRpcWorker 49 run - PROXY SERVER: run RECEIVED REQUEST @2020-03-30
30 Mar 2020 11:42:44,753 TRACE protocols.ChatClientRpcWorker 163 handleRequest - PROXY SERVER: handleRequest RECEIVED REQUEST type==RequestType.GET_ECHIPA @2020-03-30
30 Mar 2020 11:42:44,753 TRACE server.ChatServicesImpl 152 findOneEchipa - FULL SERVER: findOneEchipa RECEIVED COMMAND @2020-03-30
30 Mar 2020 11:42:44,753 TRACE server.ChatServicesImpl 153 findOneEchipa - FULL SERVER: findOneEchipa SENT RETURN TO SERVER PROXY @2020-03-30
30 Mar 2020 11:42:44,753 TRACE repos.EchipaDataBaseRepository 27 findOne - Enter entry find
30 Mar 2020 11:42:44,754 TRACE repos.EchipaDataBaseRepository 33 findOne - Enter entry query
30 Mar 2020 11:42:44,756 INFO  repos.EchipaDataBaseRepository 38 findOne - successful query
30 Mar 2020 11:42:44,756 TRACE repos.EchipaDataBaseRepository 40 findOne - Exit: successful exit
30 Mar 2020 11:42:44,756 TRACE protocols.ChatClientRpcWorker 169 handleRequest - PROXY SERVER: handleRequest SENT COMMAND TO SERVER server.findOneEchipa @2020-03-30
30 Mar 2020 11:42:44,757 TRACE protocols.ChatClientRpcWorker 226 sendResponse - Exit: PROXY SERVER: SUCCESSFUL sendResponse @2020-03-30
30 Mar 2020 11:42:44,757 TRACE protocols.ChatClientRpcWorker 53 run - PROXY SERVER: run SENT RESPONSE @2020-03-30
30 Mar 2020 11:42:44,757 TRACE network.ChatServicesRpcProxy$ReaderThread 268 run - Enter PROXY CLIENT: READING DATA FROM THE SERVER @2020-03-30
30 Mar 2020 11:42:44,758 TRACE network.ChatServicesRpcProxy$ReaderThread 275 run - Enter PROXY CLIENT: TRACE qresponses.put((Response)response) @2020-03-30
30 Mar 2020 11:42:44,758 TRACE network.ChatServicesRpcProxy 209 readResponse - Exit: NETWORKING FROM CLIENT PROXY TO SERVER: SUCESSFUL readResponse @2020-03-30
30 Mar 2020 11:42:44,759 TRACE network.ChatServicesRpcProxy 170 findOneEchipa - Exit with(PROXY CLIENT: SUCCESSFUL findOneEchipa @2020-03-30)
30 Mar 2020 11:42:44,759 TRACE network.ChatServicesRpcProxy 192 sendRequest - Enter NETWORKING FROM CLIENT PROXY TO SERVER: INITIALIZING sendRequest @2020-03-30
30 Mar 2020 11:42:44,760 TRACE network.ChatServicesRpcProxy 196 sendRequest - Exit: NETWORKING FROM CLIENT PROXY TO SERVER: SUCESSFUL sendRequest @2020-03-30
30 Mar 2020 11:42:44,761 TRACE network.ChatServicesRpcProxy 160 findOneEchipa - PROXY CLIENT: findOneEchipa SENT REQUEST @2020-03-30
30 Mar 2020 11:42:44,761 TRACE network.ChatServicesRpcProxy 206 readResponse - Enter NETWORKING FROM CLIENT PROXY TO SERVER: INITIALIZING readResponse @2020-03-30
30 Mar 2020 11:42:45,007 TRACE protocols.ChatClientRpcWorker 49 run - PROXY SERVER: run RECEIVED REQUEST @2020-03-30
30 Mar 2020 11:42:45,007 TRACE protocols.ChatClientRpcWorker 163 handleRequest - PROXY SERVER: handleRequest RECEIVED REQUEST type==RequestType.GET_ECHIPA @2020-03-30
30 Mar 2020 11:42:45,007 TRACE server.ChatServicesImpl 152 findOneEchipa - FULL SERVER: findOneEchipa RECEIVED COMMAND @2020-03-30
30 Mar 2020 11:42:45,007 TRACE server.ChatServicesImpl 153 findOneEchipa - FULL SERVER: findOneEchipa SENT RETURN TO SERVER PROXY @2020-03-30
30 Mar 2020 11:42:45,007 TRACE repos.EchipaDataBaseRepository 27 findOne - Enter entry find
30 Mar 2020 11:42:45,007 TRACE repos.EchipaDataBaseRepository 33 findOne - Enter entry query
30 Mar 2020 11:42:45,008 INFO  repos.EchipaDataBaseRepository 38 findOne - successful query
30 Mar 2020 11:42:45,008 TRACE repos.EchipaDataBaseRepository 40 findOne - Exit: successful exit
30 Mar 2020 11:42:45,009 TRACE protocols.ChatClientRpcWorker 169 handleRequest - PROXY SERVER: handleRequest SENT COMMAND TO SERVER server.findOneEchipa @2020-03-30
30 Mar 2020 11:42:45,009 TRACE protocols.ChatClientRpcWorker 226 sendResponse - Exit: PROXY SERVER: SUCCESSFUL sendResponse @2020-03-30
30 Mar 2020 11:42:45,009 TRACE protocols.ChatClientRpcWorker 53 run - PROXY SERVER: run SENT RESPONSE @2020-03-30
30 Mar 2020 11:42:45,009 TRACE network.ChatServicesRpcProxy$ReaderThread 268 run - Enter PROXY CLIENT: READING DATA FROM THE SERVER @2020-03-30
30 Mar 2020 11:42:45,009 TRACE network.ChatServicesRpcProxy$ReaderThread 275 run - Enter PROXY CLIENT: TRACE qresponses.put((Response)response) @2020-03-30
30 Mar 2020 11:42:45,010 TRACE network.ChatServicesRpcProxy 209 readResponse - Exit: NETWORKING FROM CLIENT PROXY TO SERVER: SUCESSFUL readResponse @2020-03-30
30 Mar 2020 11:42:45,010 TRACE network.ChatServicesRpcProxy 170 findOneEchipa - Exit with(PROXY CLIENT: SUCCESSFUL findOneEchipa @2020-03-30)
30 Mar 2020 11:42:45,010 TRACE network.ChatServicesRpcProxy 192 sendRequest - Enter NETWORKING FROM CLIENT PROXY TO SERVER: INITIALIZING sendRequest @2020-03-30
30 Mar 2020 11:42:45,010 TRACE network.ChatServicesRpcProxy 196 sendRequest - Exit: NETWORKING FROM CLIENT PROXY TO SERVER: SUCESSFUL sendRequest @2020-03-30
30 Mar 2020 11:42:45,011 TRACE network.ChatServicesRpcProxy 160 findOneEchipa - PROXY CLIENT: findOneEchipa SENT REQUEST @2020-03-30
30 Mar 2020 11:42:45,011 TRACE network.ChatServicesRpcProxy 206 readResponse - Enter NETWORKING FROM CLIENT PROXY TO SERVER: INITIALIZING readResponse @2020-03-30
30 Mar 2020 11:42:45,260 TRACE protocols.ChatClientRpcWorker 49 run - PROXY SERVER: run RECEIVED REQUEST @2020-03-30
30 Mar 2020 11:42:45,261 TRACE protocols.ChatClientRpcWorker 163 handleRequest - PROXY SERVER: handleRequest RECEIVED REQUEST type==RequestType.GET_ECHIPA @2020-03-30
30 Mar 2020 11:42:45,261 TRACE server.ChatServicesImpl 152 findOneEchipa - FULL SERVER: findOneEchipa RECEIVED COMMAND @2020-03-30
30 Mar 2020 11:42:45,261 TRACE server.ChatServicesImpl 153 findOneEchipa - FULL SERVER: findOneEchipa SENT RETURN TO SERVER PROXY @2020-03-30
30 Mar 2020 11:42:45,261 TRACE repos.EchipaDataBaseRepository 27 findOne - Enter entry find
30 Mar 2020 11:42:45,261 TRACE repos.EchipaDataBaseRepository 33 findOne - Enter entry query
30 Mar 2020 11:42:45,263 INFO  repos.EchipaDataBaseRepository 38 findOne - successful query
30 Mar 2020 11:42:45,263 TRACE repos.EchipaDataBaseRepository 40 findOne - Exit: successful exit
30 Mar 2020 11:42:45,263 TRACE protocols.ChatClientRpcWorker 169 handleRequest - PROXY SERVER: handleRequest SENT COMMAND TO SERVER server.findOneEchipa @2020-03-30
30 Mar 2020 11:42:45,264 TRACE protocols.ChatClientRpcWorker 226 sendResponse - Exit: PROXY SERVER: SUCCESSFUL sendResponse @2020-03-30
30 Mar 2020 11:42:45,264 TRACE protocols.ChatClientRpcWorker 53 run - PROXY SERVER: run SENT RESPONSE @2020-03-30
30 Mar 2020 11:42:45,264 TRACE network.ChatServicesRpcProxy$ReaderThread 268 run - Enter PROXY CLIENT: READING DATA FROM THE SERVER @2020-03-30
30 Mar 2020 11:42:45,265 TRACE network.ChatServicesRpcProxy$ReaderThread 275 run - Enter PROXY CLIENT: TRACE qresponses.put((Response)response) @2020-03-30
30 Mar 2020 11:42:45,265 TRACE network.ChatServicesRpcProxy 209 readResponse - Exit: NETWORKING FROM CLIENT PROXY TO SERVER: SUCESSFUL readResponse @2020-03-30
30 Mar 2020 11:42:45,266 TRACE network.ChatServicesRpcProxy 170 findOneEchipa - Exit with(PROXY CLIENT: SUCCESSFUL findOneEchipa @2020-03-30)
30 Mar 2020 11:43:09,208 TRACE network.ChatServicesRpcProxy 192 sendRequest - Enter NETWORKING FROM CLIENT PROXY TO SERVER: INITIALIZING sendRequest @2020-03-30
30 Mar 2020 11:43:09,208 TRACE network.ChatServicesRpcProxy 196 sendRequest - Exit: NETWORKING FROM CLIENT PROXY TO SERVER: SUCESSFUL sendRequest @2020-03-30
30 Mar 2020 11:43:09,209 TRACE protocols.ChatClientRpcWorker 49 run - PROXY SERVER: run RECEIVED REQUEST @2020-03-30
30 Mar 2020 11:43:09,209 TRACE network.ChatServicesRpcProxy 72 logout - PROXY CLIENT: logout SENT REQUEST @2020-03-30
30 Mar 2020 11:43:09,209 TRACE protocols.ChatClientRpcWorker 114 handleRequest - PROXY SERVER: handleRequest RECEIVED REQUEST type==RequestType.LOGOUT @2020-03-30
30 Mar 2020 11:43:09,209 TRACE network.ChatServicesRpcProxy 206 readResponse - Enter NETWORKING FROM CLIENT PROXY TO SERVER: INITIALIZING readResponse @2020-03-30
30 Mar 2020 11:43:09,209 TRACE server.ChatServicesImpl 91 logout - FULL SERVER: logout RECEIVED COMMAND @2020-03-30
30 Mar 2020 11:43:09,210 TRACE server.ChatServicesImpl 95 logout - FULL SERVER: logout SENT RETURN TO SERVER PROXY @2020-03-30
30 Mar 2020 11:43:09,210 TRACE protocols.ChatClientRpcWorker 121 handleRequest - PROXY SERVER: handleRequest SENT COMMAND TO SERVER server.logout @2020-03-30
30 Mar 2020 11:43:09,211 TRACE protocols.ChatClientRpcWorker 226 sendResponse - Exit: PROXY SERVER: SUCCESSFUL sendResponse @2020-03-30
30 Mar 2020 11:43:09,211 TRACE protocols.ChatClientRpcWorker 53 run - PROXY SERVER: run SENT RESPONSE @2020-03-30
30 Mar 2020 11:43:09,211 TRACE network.ChatServicesRpcProxy$ReaderThread 268 run - Enter PROXY CLIENT: READING DATA FROM THE SERVER @2020-03-30
30 Mar 2020 11:43:09,211 TRACE network.ChatServicesRpcProxy$ReaderThread 275 run - Enter PROXY CLIENT: TRACE qresponses.put((Response)response) @2020-03-30
30 Mar 2020 11:43:09,211 TRACE network.ChatServicesRpcProxy 209 readResponse - Exit: NETWORKING FROM CLIENT PROXY TO SERVER: SUCESSFUL readResponse @2020-03-30
30 Mar 2020 11:43:09,211 TRACE network.ChatServicesRpcProxy 74 logout - PROXY CLIENT: logout RECEIVED RESPONSE @2020-03-30
30 Mar 2020 11:43:09,213 TRACE network.ChatServicesRpcProxy 182 closeConnection - Exit with(PROXY CLIENT: SUCCESSFUL closeConnection @2020-03-30)
30 Mar 2020 11:43:09,213 TRACE network.ChatServicesRpcProxy$ReaderThread 282 run - Exit: PROXY CLIENT: FAILED run : IOException @2020-03-30
30 Mar 2020 11:43:09,213 TRACE network.ChatServicesRpcProxy 76 logout - Exit with(PROXY CLIENT: SUCCESSFUL logout @2020-03-30)
30 Mar 2020 11:43:09,462 TRACE protocols.ChatClientRpcWorker 67 run - Exit with(PROXY SERVER: run : BEGIN SHUTDOWN @2020-03-30)
30 Mar 2020 11:43:09,464 TRACE protocols.ChatClientRpcWorker 71 run - Exit with(PROXY SERVER: run : COMPLETED SHUTDOWN @2020-03-30)
